2022-06-26 09:45:24,471 - Initializing Velocity, Calling init()...
2022-06-26 09:45:24,471 - Starting Apache Velocity v1.7 (compiled: 2010-11-19 12:14:37)
2022-06-26 09:45:24,471 - Default Properties File: org\apache\velocity\runtime\defaults\velocity.properties
2022-06-26 09:45:24,471 - Trying to use logger class org.apache.velocity.runtime.log.AvalonLogChute
2022-06-26 09:45:24,471 - Target log system for org.apache.velocity.runtime.log.AvalonLogChute is not available (java.lang.NoClassDefFoundError: org/apache/log/format/Formatter).  Falling back to next log system...
2022-06-26 09:45:24,471 - Trying to use logger class org.apache.velocity.runtime.log.Log4JLogChute
2022-06-26 09:45:24,471 - Using logger class org.apache.velocity.runtime.log.Log4JLogChute
2022-06-26 09:45:24,474 - ResourceLoader instantiated: org.apache.velocity.runtime.resource.loader.ClasspathResourceLoader
2022-06-26 09:45:24,482 - ResourceCache: initialized (class org.apache.velocity.runtime.resource.ResourceCacheImpl) with class java.util.Collections$SynchronizedMap cache map.
2022-06-26 09:45:24,484 - Loaded System Directive: org.apache.velocity.runtime.directive.Stop
2022-06-26 09:45:24,485 - Loaded System Directive: org.apache.velocity.runtime.directive.Define
2022-06-26 09:45:24,486 - Loaded System Directive: org.apache.velocity.runtime.directive.Break
2022-06-26 09:45:24,486 - Loaded System Directive: org.apache.velocity.runtime.directive.Evaluate
2022-06-26 09:45:24,487 - Loaded System Directive: org.apache.velocity.runtime.directive.Literal
2022-06-26 09:45:24,488 - Loaded System Directive: org.apache.velocity.runtime.directive.Macro
2022-06-26 09:45:24,489 - Loaded System Directive: org.apache.velocity.runtime.directive.Parse
2022-06-26 09:45:24,489 - Loaded System Directive: org.apache.velocity.runtime.directive.Include
2022-06-26 09:45:24,490 - Loaded System Directive: org.apache.velocity.runtime.directive.Foreach
2022-06-26 09:45:24,509 - Created '20' parsers.
2022-06-26 09:45:24,513 - Velocimacro : "velocimacro.library" is not set.  Trying default library: VM_global_library.vm
2022-06-26 09:45:24,514 - Could not load resource 'VM_global_library.vm' from ResourceLoader org.apache.velocity.runtime.resource.loader.ClasspathResourceLoader: ClasspathResourceLoader Error: cannot find resource VM_global_library.vm
2022-06-26 09:45:24,514 - Velocimacro : Default library not found.
2022-06-26 09:45:24,514 - Velocimacro : allowInline = true : VMs can be defined inline in templates
2022-06-26 09:45:24,514 - Velocimacro : allowInlineToOverride = false : VMs defined inline may NOT replace previous VM definitions
2022-06-26 09:45:24,514 - Velocimacro : allowInlineLocal = false : VMs defined inline will be global in scope if allowed.
2022-06-26 09:45:24,514 - Velocimacro : autoload off : VM system will not automatically reload global library macros
2022-06-26 09:45:24,599 - ResourceManager : found templates/generators/errorpage.vm with loader org.apache.velocity.runtime.resource.loader.ClasspathResourceLoader
2022-06-26 09:45:24,602 - ResourceManager : found /templates/headers.vm with loader org.apache.velocity.runtime.resource.loader.ClasspathResourceLoader
2022-06-26 09:45:24,603 - ResourceManager : found /templates/head.vm with loader org.apache.velocity.runtime.resource.loader.ClasspathResourceLoader
2022-06-26 09:45:24,604 - Velocimacro : added VM stringArray: source=/templates/macros/array.js.vm
2022-06-26 09:45:24,604 - Velocimacro : added VM numberArray: source=/templates/macros/array.js.vm
2022-06-26 09:45:24,604 - ResourceManager : found /templates/macros/array.js.vm with loader org.apache.velocity.runtime.resource.loader.ClasspathResourceLoader
2022-06-26 09:45:24,605 - Velocimacro : added VM includeBuildInfo: source=/templates/macros/page/buildinfo.vm
2022-06-26 09:45:24,605 - ResourceManager : found /templates/macros/page/buildinfo.vm with loader org.apache.velocity.runtime.resource.loader.ClasspathResourceLoader
2022-06-26 09:45:24,608 - Velocimacro : added VM includeClassifications: source=/templates/macros/page/classifications.vm
2022-06-26 09:45:24,608 - ResourceManager : found /templates/macros/page/classifications.vm with loader org.apache.velocity.runtime.resource.loader.ClasspathResourceLoader
2022-06-26 09:45:24,609 - Velocimacro : added VM includeLead: source=/templates/macros/page/lead.vm
2022-06-26 09:45:24,609 - ResourceManager : found /templates/macros/page/lead.vm with loader org.apache.velocity.runtime.resource.loader.ClasspathResourceLoader
2022-06-26 09:45:24,611 - Velocimacro : added VM includeNavigation: source=/templates/macros/page/navigation.vm
2022-06-26 09:45:24,611 - ResourceManager : found /templates/macros/page/navigation.vm with loader org.apache.velocity.runtime.resource.loader.ClasspathResourceLoader
2022-06-26 09:45:24,612 - Velocimacro : added VM includeReportInfo: source=/templates/macros/page/reportInfo.vm
2022-06-26 09:45:24,612 - ResourceManager : found /templates/macros/page/reportInfo.vm with loader org.apache.velocity.runtime.resource.loader.ClasspathResourceLoader
2022-06-26 09:45:24,612 - Velocimacro : added VM includeTitle: source=/templates/macros/page/title.vm
2022-06-26 09:45:24,612 - ResourceManager : found /templates/macros/page/title.vm with loader org.apache.velocity.runtime.resource.loader.ClasspathResourceLoader
2022-06-26 09:45:24,613 - Velocimacro : added VM includeExpandingButtons: source=/templates/macros/report/expandAllButtons.vm
2022-06-26 09:45:24,613 - ResourceManager : found /templates/macros/report/expandAllButtons.vm with loader org.apache.velocity.runtime.resource.loader.ClasspathResourceLoader
2022-06-26 09:45:24,615 - Velocimacro : added VM includeReportTable: source=/templates/macros/report/reportTable.vm
2022-06-26 09:45:24,615 - ResourceManager : found /templates/macros/report/reportTable.vm with loader org.apache.velocity.runtime.resource.loader.ClasspathResourceLoader
2022-06-26 09:45:24,616 - Velocimacro : added VM includeReportHeader: source=/templates/macros/report/reportHeader.vm
2022-06-26 09:45:24,616 - ResourceManager : found /templates/macros/report/reportHeader.vm with loader org.apache.velocity.runtime.resource.loader.ClasspathResourceLoader
2022-06-26 09:45:24,619 - Velocimacro : added VM includeStatsTable: source=/templates/macros/report/statsTable.vm
2022-06-26 09:45:24,619 - ResourceManager : found /templates/macros/report/statsTable.vm with loader org.apache.velocity.runtime.resource.loader.ClasspathResourceLoader
2022-06-26 09:45:24,620 - Velocimacro : added VM includeBrief: source=/templates/macros/json/brief.vm
2022-06-26 09:45:24,620 - ResourceManager : found /templates/macros/json/brief.vm with loader org.apache.velocity.runtime.resource.loader.ClasspathResourceLoader
2022-06-26 09:45:24,620 - Velocimacro : added VM includeDocString: source=/templates/macros/json/docstring.vm
2022-06-26 09:45:24,620 - ResourceManager : found /templates/macros/json/docstring.vm with loader org.apache.velocity.runtime.resource.loader.ClasspathResourceLoader
2022-06-26 09:45:24,621 - Velocimacro : added VM includeDuration: source=/templates/macros/json/duration.vm
2022-06-26 09:45:24,621 - ResourceManager : found /templates/macros/json/duration.vm with loader org.apache.velocity.runtime.resource.loader.ClasspathResourceLoader
2022-06-26 09:45:24,623 - Velocimacro : added VM includeElement: source=/templates/macros/json/element.vm
2022-06-26 09:45:24,623 - ResourceManager : found /templates/macros/json/element.vm with loader org.apache.velocity.runtime.resource.loader.ClasspathResourceLoader
2022-06-26 09:45:24,628 - Velocimacro : added VM includeEmbeddings: source=/templates/macros/json/embeddings.vm
2022-06-26 09:45:24,628 - Velocimacro : added VM includeHtmlEmbedding: source=/templates/macros/json/embeddings.vm
2022-06-26 09:45:24,628 - Velocimacro : added VM includeVideoEmbedding: source=/templates/macros/json/embeddings.vm
2022-06-26 09:45:24,629 - Velocimacro : added VM includeImageEmbedding: source=/templates/macros/json/embeddings.vm
2022-06-26 09:45:24,629 - Velocimacro : added VM includeImageReferenceEmbedding: source=/templates/macros/json/embeddings.vm
2022-06-26 09:45:24,629 - Velocimacro : added VM includeTextEmbedding: source=/templates/macros/json/embeddings.vm
2022-06-26 09:45:24,629 - Velocimacro : added VM includeUnknownEmbedding: source=/templates/macros/json/embeddings.vm
2022-06-26 09:45:24,629 - ResourceManager : found /templates/macros/json/embeddings.vm with loader org.apache.velocity.runtime.resource.loader.ClasspathResourceLoader
2022-06-26 09:45:24,630 - Velocimacro : added VM includeHooks: source=/templates/macros/json/hooks.vm
2022-06-26 09:45:24,630 - ResourceManager : found /templates/macros/json/hooks.vm with loader org.apache.velocity.runtime.resource.loader.ClasspathResourceLoader
2022-06-26 09:45:24,631 - Velocimacro : added VM includeOutput: source=/templates/macros/json/output.vm
2022-06-26 09:45:24,631 - ResourceManager : found /templates/macros/json/output.vm with loader org.apache.velocity.runtime.resource.loader.ClasspathResourceLoader
2022-06-26 09:45:24,632 - Velocimacro : added VM includeMessage: source=/templates/macros/json/message.vm
2022-06-26 09:45:24,632 - ResourceManager : found /templates/macros/json/message.vm with loader org.apache.velocity.runtime.resource.loader.ClasspathResourceLoader
2022-06-26 09:45:24,633 - Velocimacro : added VM includeSteps: source=/templates/macros/json/steps.vm
2022-06-26 09:45:24,633 - ResourceManager : found /templates/macros/json/steps.vm with loader org.apache.velocity.runtime.resource.loader.ClasspathResourceLoader
2022-06-26 09:45:24,634 - Velocimacro : added VM includeStepName: source=/templates/macros/json/stepName.vm
2022-06-26 09:45:24,634 - ResourceManager : found /templates/macros/json/stepName.vm with loader org.apache.velocity.runtime.resource.loader.ClasspathResourceLoader
2022-06-26 09:45:24,634 - Velocimacro : added VM includeTags: source=/templates/macros/json/tags.vm
2022-06-26 09:45:24,634 - ResourceManager : found /templates/macros/json/tags.vm with loader org.apache.velocity.runtime.resource.loader.ClasspathResourceLoader
2022-06-26 09:45:24,640 - VM #includeNavigation: too few arguments to macro. Wanted 1 got 0
2022-06-26 09:45:24,641 - Left side ($active_tab) of '==' operation has null value. If it is a reference, it may not be in the context or its toString() returned null. /templates/macros/page/navigation.vm[line 14, column 51]
2022-06-26 09:45:24,641 - Left side ($active_tab) of '==' operation has null value. If it is a reference, it may not be in the context or its toString() returned null. /templates/macros/page/navigation.vm[line 15, column 51]
2022-06-26 09:45:24,641 - Left side ($active_tab) of '==' operation has null value. If it is a reference, it may not be in the context or its toString() returned null. /templates/macros/page/navigation.vm[line 16, column 51]
2022-06-26 09:45:24,641 - Left side ($active_tab) of '==' operation has null value. If it is a reference, it may not be in the context or its toString() returned null. /templates/macros/page/navigation.vm[line 20, column 51]
2022-06-26 09:45:24,655 - ResourceManager : found /templates/footer.vm with loader org.apache.velocity.runtime.resource.loader.ClasspathResourceLoader
2022-06-26 09:46:39,187 - Log4JLogChute initialized using file 'target\velocity.log'
2022-06-26 09:46:39,188 - Initializing Velocity, Calling init()...
2022-06-26 09:46:39,188 - Starting Apache Velocity v1.7 (compiled: 2010-11-19 12:14:37)
2022-06-26 09:46:39,188 - Default Properties File: org\apache\velocity\runtime\defaults\velocity.properties
2022-06-26 09:46:39,188 - Trying to use logger class org.apache.velocity.runtime.log.AvalonLogChute
2022-06-26 09:46:39,188 - Target log system for org.apache.velocity.runtime.log.AvalonLogChute is not available (java.lang.NoClassDefFoundError: org/apache/log/format/Formatter).  Falling back to next log system...
2022-06-26 09:46:39,188 - Trying to use logger class org.apache.velocity.runtime.log.Log4JLogChute
2022-06-26 09:46:39,188 - Using logger class org.apache.velocity.runtime.log.Log4JLogChute
2022-06-26 09:46:39,190 - ResourceLoader instantiated: org.apache.velocity.runtime.resource.loader.ClasspathResourceLoader
2022-06-26 09:46:39,197 - ResourceCache: initialized (class org.apache.velocity.runtime.resource.ResourceCacheImpl) with class java.util.Collections$SynchronizedMap cache map.
2022-06-26 09:46:39,198 - Loaded System Directive: org.apache.velocity.runtime.directive.Stop
2022-06-26 09:46:39,198 - Loaded System Directive: org.apache.velocity.runtime.directive.Define
2022-06-26 09:46:39,199 - Loaded System Directive: org.apache.velocity.runtime.directive.Break
2022-06-26 09:46:39,199 - Loaded System Directive: org.apache.velocity.runtime.directive.Evaluate
2022-06-26 09:46:39,199 - Loaded System Directive: org.apache.velocity.runtime.directive.Literal
2022-06-26 09:46:39,200 - Loaded System Directive: org.apache.velocity.runtime.directive.Macro
2022-06-26 09:46:39,201 - Loaded System Directive: org.apache.velocity.runtime.directive.Parse
2022-06-26 09:46:39,202 - Loaded System Directive: org.apache.velocity.runtime.directive.Include
2022-06-26 09:46:39,202 - Loaded System Directive: org.apache.velocity.runtime.directive.Foreach
2022-06-26 09:46:39,220 - Created '20' parsers.
2022-06-26 09:46:39,224 - Velocimacro : "velocimacro.library" is not set.  Trying default library: VM_global_library.vm
2022-06-26 09:46:39,224 - Could not load resource 'VM_global_library.vm' from ResourceLoader org.apache.velocity.runtime.resource.loader.ClasspathResourceLoader: ClasspathResourceLoader Error: cannot find resource VM_global_library.vm
2022-06-26 09:46:39,224 - Velocimacro : Default library not found.
2022-06-26 09:46:39,224 - Velocimacro : allowInline = true : VMs can be defined inline in templates
2022-06-26 09:46:39,224 - Velocimacro : allowInlineToOverride = false : VMs defined inline may NOT replace previous VM definitions
2022-06-26 09:46:39,224 - Velocimacro : allowInlineLocal = false : VMs defined inline will be global in scope if allowed.
2022-06-26 09:46:39,224 - Velocimacro : autoload off : VM system will not automatically reload global library macros
2022-06-26 09:46:39,294 - ResourceManager : found templates/generators/errorpage.vm with loader org.apache.velocity.runtime.resource.loader.ClasspathResourceLoader
2022-06-26 09:46:39,297 - ResourceManager : found /templates/headers.vm with loader org.apache.velocity.runtime.resource.loader.ClasspathResourceLoader
2022-06-26 09:46:39,298 - ResourceManager : found /templates/head.vm with loader org.apache.velocity.runtime.resource.loader.ClasspathResourceLoader
2022-06-26 09:46:39,299 - Velocimacro : added VM stringArray: source=/templates/macros/array.js.vm
2022-06-26 09:46:39,299 - Velocimacro : added VM numberArray: source=/templates/macros/array.js.vm
2022-06-26 09:46:39,299 - ResourceManager : found /templates/macros/array.js.vm with loader org.apache.velocity.runtime.resource.loader.ClasspathResourceLoader
2022-06-26 09:46:39,301 - Velocimacro : added VM includeBuildInfo: source=/templates/macros/page/buildinfo.vm
2022-06-26 09:46:39,301 - ResourceManager : found /templates/macros/page/buildinfo.vm with loader org.apache.velocity.runtime.resource.loader.ClasspathResourceLoader
2022-06-26 09:46:39,304 - Velocimacro : added VM includeClassifications: source=/templates/macros/page/classifications.vm
2022-06-26 09:46:39,304 - ResourceManager : found /templates/macros/page/classifications.vm with loader org.apache.velocity.runtime.resource.loader.ClasspathResourceLoader
2022-06-26 09:46:39,305 - Velocimacro : added VM includeLead: source=/templates/macros/page/lead.vm
2022-06-26 09:46:39,305 - ResourceManager : found /templates/macros/page/lead.vm with loader org.apache.velocity.runtime.resource.loader.ClasspathResourceLoader
2022-06-26 09:46:39,306 - Velocimacro : added VM includeNavigation: source=/templates/macros/page/navigation.vm
2022-06-26 09:46:39,306 - ResourceManager : found /templates/macros/page/navigation.vm with loader org.apache.velocity.runtime.resource.loader.ClasspathResourceLoader
2022-06-26 09:46:39,307 - Velocimacro : added VM includeReportInfo: source=/templates/macros/page/reportInfo.vm
2022-06-26 09:46:39,307 - ResourceManager : found /templates/macros/page/reportInfo.vm with loader org.apache.velocity.runtime.resource.loader.ClasspathResourceLoader
2022-06-26 09:46:39,308 - Velocimacro : added VM includeTitle: source=/templates/macros/page/title.vm
2022-06-26 09:46:39,308 - ResourceManager : found /templates/macros/page/title.vm with loader org.apache.velocity.runtime.resource.loader.ClasspathResourceLoader
2022-06-26 09:46:39,308 - Velocimacro : added VM includeExpandingButtons: source=/templates/macros/report/expandAllButtons.vm
2022-06-26 09:46:39,308 - ResourceManager : found /templates/macros/report/expandAllButtons.vm with loader org.apache.velocity.runtime.resource.loader.ClasspathResourceLoader
2022-06-26 09:46:39,311 - Velocimacro : added VM includeReportTable: source=/templates/macros/report/reportTable.vm
2022-06-26 09:46:39,311 - ResourceManager : found /templates/macros/report/reportTable.vm with loader org.apache.velocity.runtime.resource.loader.ClasspathResourceLoader
2022-06-26 09:46:39,311 - Velocimacro : added VM includeReportHeader: source=/templates/macros/report/reportHeader.vm
2022-06-26 09:46:39,311 - ResourceManager : found /templates/macros/report/reportHeader.vm with loader org.apache.velocity.runtime.resource.loader.ClasspathResourceLoader
2022-06-26 09:46:39,315 - Velocimacro : added VM includeStatsTable: source=/templates/macros/report/statsTable.vm
2022-06-26 09:46:39,315 - ResourceManager : found /templates/macros/report/statsTable.vm with loader org.apache.velocity.runtime.resource.loader.ClasspathResourceLoader
2022-06-26 09:46:39,316 - Velocimacro : added VM includeBrief: source=/templates/macros/json/brief.vm
2022-06-26 09:46:39,316 - ResourceManager : found /templates/macros/json/brief.vm with loader org.apache.velocity.runtime.resource.loader.ClasspathResourceLoader
2022-06-26 09:46:39,317 - Velocimacro : added VM includeDocString: source=/templates/macros/json/docstring.vm
2022-06-26 09:46:39,317 - ResourceManager : found /templates/macros/json/docstring.vm with loader org.apache.velocity.runtime.resource.loader.ClasspathResourceLoader
2022-06-26 09:46:39,317 - Velocimacro : added VM includeDuration: source=/templates/macros/json/duration.vm
2022-06-26 09:46:39,317 - ResourceManager : found /templates/macros/json/duration.vm with loader org.apache.velocity.runtime.resource.loader.ClasspathResourceLoader
2022-06-26 09:46:39,319 - Velocimacro : added VM includeElement: source=/templates/macros/json/element.vm
2022-06-26 09:46:39,319 - ResourceManager : found /templates/macros/json/element.vm with loader org.apache.velocity.runtime.resource.loader.ClasspathResourceLoader
2022-06-26 09:46:39,324 - Velocimacro : added VM includeEmbeddings: source=/templates/macros/json/embeddings.vm
2022-06-26 09:46:39,324 - Velocimacro : added VM includeHtmlEmbedding: source=/templates/macros/json/embeddings.vm
2022-06-26 09:46:39,324 - Velocimacro : added VM includeVideoEmbedding: source=/templates/macros/json/embeddings.vm
2022-06-26 09:46:39,324 - Velocimacro : added VM includeImageEmbedding: source=/templates/macros/json/embeddings.vm
2022-06-26 09:46:39,324 - Velocimacro : added VM includeImageReferenceEmbedding: source=/templates/macros/json/embeddings.vm
2022-06-26 09:46:39,324 - Velocimacro : added VM includeTextEmbedding: source=/templates/macros/json/embeddings.vm
2022-06-26 09:46:39,325 - Velocimacro : added VM includeUnknownEmbedding: source=/templates/macros/json/embeddings.vm
2022-06-26 09:46:39,325 - ResourceManager : found /templates/macros/json/embeddings.vm with loader org.apache.velocity.runtime.resource.loader.ClasspathResourceLoader
2022-06-26 09:46:39,326 - Velocimacro : added VM includeHooks: source=/templates/macros/json/hooks.vm
2022-06-26 09:46:39,326 - ResourceManager : found /templates/macros/json/hooks.vm with loader org.apache.velocity.runtime.resource.loader.ClasspathResourceLoader
2022-06-26 09:46:39,327 - Velocimacro : added VM includeOutput: source=/templates/macros/json/output.vm
2022-06-26 09:46:39,327 - ResourceManager : found /templates/macros/json/output.vm with loader org.apache.velocity.runtime.resource.loader.ClasspathResourceLoader
2022-06-26 09:46:39,327 - Velocimacro : added VM includeMessage: source=/templates/macros/json/message.vm
2022-06-26 09:46:39,327 - ResourceManager : found /templates/macros/json/message.vm with loader org.apache.velocity.runtime.resource.loader.ClasspathResourceLoader
2022-06-26 09:46:39,328 - Velocimacro : added VM includeSteps: source=/templates/macros/json/steps.vm
2022-06-26 09:46:39,328 - ResourceManager : found /templates/macros/json/steps.vm with loader org.apache.velocity.runtime.resource.loader.ClasspathResourceLoader
2022-06-26 09:46:39,329 - Velocimacro : added VM includeStepName: source=/templates/macros/json/stepName.vm
2022-06-26 09:46:39,329 - ResourceManager : found /templates/macros/json/stepName.vm with loader org.apache.velocity.runtime.resource.loader.ClasspathResourceLoader
2022-06-26 09:46:39,329 - Velocimacro : added VM includeTags: source=/templates/macros/json/tags.vm
2022-06-26 09:46:39,329 - ResourceManager : found /templates/macros/json/tags.vm with loader org.apache.velocity.runtime.resource.loader.ClasspathResourceLoader
2022-06-26 09:46:39,335 - VM #includeNavigation: too few arguments to macro. Wanted 1 got 0
2022-06-26 09:46:39,335 - Left side ($active_tab) of '==' operation has null value. If it is a reference, it may not be in the context or its toString() returned null. /templates/macros/page/navigation.vm[line 14, column 51]
2022-06-26 09:46:39,335 - Left side ($active_tab) of '==' operation has null value. If it is a reference, it may not be in the context or its toString() returned null. /templates/macros/page/navigation.vm[line 15, column 51]
2022-06-26 09:46:39,335 - Left side ($active_tab) of '==' operation has null value. If it is a reference, it may not be in the context or its toString() returned null. /templates/macros/page/navigation.vm[line 16, column 51]
2022-06-26 09:46:39,335 - Left side ($active_tab) of '==' operation has null value. If it is a reference, it may not be in the context or its toString() returned null. /templates/macros/page/navigation.vm[line 20, column 51]
2022-06-26 09:46:39,348 - ResourceManager : found /templates/footer.vm with loader org.apache.velocity.runtime.resource.loader.ClasspathResourceLoader
